{
  "addLiquidityDualSyAndPt(address,address,uint256,uint256,uint256)": "97ee279e",
  "addLiquidityDualTokenAndPt(address,address,(address,uint256,address,address,address,(uint8,address,bytes,bool)),uint256,uint256)": "cb591eb2",
  "addLiquiditySinglePt(address,address,uint256,uint256,(uint256,uint256,uint256,uint256,uint256))": "3af1f329",
  "addLiquiditySingleSy(address,address,uint256,uint256,(uint256,uint256,uint256,uint256,uint256))": "409c7a89",
  "addLiquiditySingleToken(address,address,uint256,(uint256,uint256,uint256,uint256,uint256),(address,uint256,address,address,address,(uint8,address,bytes,bool)))": "015491d1",
  "approveInf(address,address)": "4c6e8f81",
  "mintPyFromSy(address,address,uint256,uint256)": "1a8631b2",
  "mintPyFromToken(address,address,uint256,(address,uint256,address,address,address,(uint8,address,bytes,bool)))": "46eb2db6",
  "mintSyFromToken(address,address,uint256,(address,uint256,address,address,address,(uint8,address,bytes,bool)))": "443e6512",
  "redeemDueInterestAndRewards(address,address[],address[],address[])": "f7e375e8",
  "redeemPyToSy(address,address,uint256,uint256)": "339748cb",
  "redeemPyToToken(address,address,uint256,(address,uint256,address,address,address,(uint8,address,bytes,bool)))": "527df199",
  "redeemSyToToken(address,address,uint256,(address,uint256,address,address,address,(uint8,address,bytes,bool)))": "85b29936",
  "removeLiquidityDualSyAndPt(address,address,uint256,uint256,uint256)": "b7d75b8b",
  "removeLiquidityDualTokenAndPt(address,address,uint256,(address,uint256,address,address,address,(uint8,address,bytes,bool)),uint256)": "e6eaba01",
  "removeLiquiditySinglePt(address,address,uint256,uint256,(uint256,uint256,uint256,uint256,uint256))": "694ab559",
  "removeLiquiditySingleSy(address,address,uint256,uint256)": "178d29d3",
  "removeLiquiditySingleToken(address,address,uint256,(address,uint256,address,address,address,(uint8,address,bytes,bool)))": "690807ad",
  "swapCallback(int256,int256,bytes)": "fa483e72",
  "swapExactPtForSy(address,address,uint256,uint256)": "2032aecd",
  "swapExactPtForToken(address,address,uint256,(address,uint256,address,address,address,(uint8,address,bytes,bool)))": "b85f50ba",
  "swapExactPtForYt(address,address,uint256,uint256,(uint256,uint256,uint256,uint256,uint256))": "c861a898",
  "swapExactSyForPt(address,address,uint256,uint256,(uint256,uint256,uint256,uint256,uint256))": "83c71b69",
  "swapExactSyForYt(address,address,uint256,uint256,(uint256,uint256,uint256,uint256,uint256))": "fdd71f43",
  "swapExactTokenForPt(address,address,uint256,(uint256,uint256,uint256,uint256,uint256),(address,uint256,address,address,address,(uint8,address,bytes,bool)))": "a5f9931b",
  "swapExactTokenForYt(address,address,uint256,(uint256,uint256,uint256,uint256,uint256),(address,uint256,address,address,address,(uint8,address,bytes,bool)))": "c4a9c7de",
  "swapExactYtForPt(address,address,uint256,uint256,(uint256,uint256,uint256,uint256,uint256))": "448b9b95",
  "swapExactYtForSy(address,address,uint256,uint256)": "357d6540",
  "swapExactYtForToken(address,address,uint256,(address,uint256,address,address,address,(uint8,address,bytes,bool)))": "d6308fa4",
  "swapPtForExactSy(address,address,uint256,uint256,(uint256,uint256,uint256,uint256,uint256))": "dd371acd",
  "swapSyForExactPt(address,address,uint256,uint256)": "6b8bdf32",
  "swapSyForExactYt(address,address,uint256,uint256)": "bf1bd434",
  "swapYtForExactSy(address,address,uint256,uint256,(uint256,uint256,uint256,uint256,uint256))": "e15cc098"
}
